<?xml version="1.0" encoding="UTF-8"?>
<testsuites name="jest tests" tests="16" failures="0" time="1.611">
  <testsuite name="isPermution测试" errors="0" failures="0" skipped="0" timestamp="2020-03-02T10:07:18" time="0.742" tests="8">
    <testcase classname="isPermution测试 00测试长度不同字符串" name="isPermution测试 00测试长度不同字符串" time="0.001">
    </testcase>
    <testcase classname="isPermution测试 01测试互为重排字符串" name="isPermution测试 01测试互为重排字符串" time="0">
    </testcase>
    <testcase classname="isPermution测试 02测试不互为重排字符串" name="isPermution测试 02测试不互为重排字符串" time="0">
    </testcase>
    <testcase classname="isPermution测试 03测试互为重排字符串" name="isPermution测试 03测试互为重排字符串" time="0.001">
    </testcase>
    <testcase classname="isPermutionTwo测试 00测试长度不同字符串" name="isPermutionTwo测试 00测试长度不同字符串" time="0">
    </testcase>
    <testcase classname="isPermutionTwo测试 01测试互为重排字符串" name="isPermutionTwo测试 01测试互为重排字符串" time="0">
    </testcase>
    <testcase classname="isPermutionTwo测试 02测试不互为重排字符串" name="isPermutionTwo测试 02测试不互为重排字符串" time="0">
    </testcase>
    <testcase classname="isPermutionTwo测试 03测试互为重排字符串" name="isPermutionTwo测试 03测试互为重排字符串" time="0.001">
    </testcase>
  </testsuite>
  <testsuite name="replaceSpace测试" errors="0" failures="0" skipped="0" timestamp="2020-03-02T10:07:18" time="0.904" tests="8">
    <testcase classname="replaceSpace测试 00测试空字符串" name="replaceSpace测试 00测试空字符串" time="0.002">
    </testcase>
    <testcase classname="replaceSpace测试 01测试不带空格的字符" name="replaceSpace测试 01测试不带空格的字符" time="0">
    </testcase>
    <testcase classname="replaceSpace测试 02测试带一个空格的字符" name="replaceSpace测试 02测试带一个空格的字符" time="0">
    </testcase>
    <testcase classname="replaceSpace测试 03测试带二个空格的字符" name="replaceSpace测试 03测试带二个空格的字符" time="0.001">
    </testcase>
    <testcase classname="replaceSpaceTwo测试 00测试空字符串" name="replaceSpaceTwo测试 00测试空字符串" time="0">
    </testcase>
    <testcase classname="replaceSpaceTwo测试 01测试不带空格的字符" name="replaceSpaceTwo测试 01测试不带空格的字符" time="0">
    </testcase>
    <testcase classname="replaceSpaceTwo测试 02测试带一个空格的字符" name="replaceSpaceTwo测试 02测试带一个空格的字符" time="0.001">
    </testcase>
    <testcase classname="replaceSpaceTwo测试 03测试带二个空格的字符" name="replaceSpaceTwo测试 03测试带二个空格的字符" time="0">
    </testcase>
  </testsuite>
</testsuites>