<?xml version="1.0" encoding="UTF-8"?>
<testsuites name="jest tests" tests="10" failures="0" time="0.511">
  <testsuite name="strCompress测试" errors="0" failures="0" skipped="0" timestamp="2020-02-26T10:11:10" time="0.394" tests="10">
    <testcase classname="strCompress测试 测试一个字符" name="strCompress测试 测试一个字符" time="0.002">
    </testcase>
    <testcase classname="strCompress测试 测试二个字符" name="strCompress测试 测试二个字符" time="0.001">
    </testcase>
    <testcase classname="strCompress测试 测试三个字符" name="strCompress测试 测试三个字符" time="0">
    </testcase>
    <testcase classname="strCompress测试 测试三个字符2个相同" name="strCompress测试 测试三个字符2个相同" time="0">
    </testcase>
    <testcase classname="strCompress测试 测试四个字符2个相同" name="strCompress测试 测试四个字符2个相同" time="0.001">
    </testcase>
    <testcase classname="strCompress测试 测试五个字符一个需要压缩" name="strCompress测试 测试五个字符一个需要压缩" time="0">
    </testcase>
    <testcase classname="strCompress测试 测试多个字符2个需要压缩" name="strCompress测试 测试多个字符2个需要压缩" time="0">
    </testcase>
    <testcase classname="strCompress测试 测试多个字符2个需要压缩" name="strCompress测试 测试多个字符2个需要压缩" time="0">
    </testcase>
    <testcase classname="strCompress测试 测试多个字符3个需要压缩" name="strCompress测试 测试多个字符3个需要压缩" time="0.001">
    </testcase>
    <testcase classname="strCompress测试 测试多个字符不用压缩" name="strCompress测试 测试多个字符不用压缩" time="0">
    </testcase>
  </testsuite>
</testsuites>