<?xml version="1.0" encoding="UTF-8"?>
<testsuites name="jest tests" tests="9" failures="0" time="0.475">
  <testsuite name="clearZeroInMatrix测试" errors="0" failures="0" skipped="0" timestamp="2020-03-04T03:25:22" time="0.336" tests="9">
    <testcase classname="clearZeroInMatrix测试 空数组测试" name="clearZeroInMatrix测试 空数组测试" time="0.001">
    </testcase>
    <testcase classname="clearZeroInMatrix测试 小矩阵测试" name="clearZeroInMatrix测试 小矩阵测试" time="0">
    </testcase>
    <testcase classname="clearZeroInMatrix测试 小中矩阵测试" name="clearZeroInMatrix测试 小中矩阵测试" time="0">
    </testcase>
    <testcase classname="clearZeroInMatrix测试 小中需要替换矩阵测试" name="clearZeroInMatrix测试 小中需要替换矩阵测试" time="0.001">
    </testcase>
    <testcase classname="clearZeroInMatrix测试 中矩阵测试" name="clearZeroInMatrix测试 中矩阵测试" time="0">
    </testcase>
    <testcase classname="clearZeroInMatrix测试 中需要替换矩阵测试" name="clearZeroInMatrix测试 中需要替换矩阵测试" time="0">
    </testcase>
    <testcase classname="clearZeroInMatrix测试 中需要替换矩阵测试" name="clearZeroInMatrix测试 中需要替换矩阵测试" time="0.001">
    </testcase>
    <testcase classname="clearZeroInMatrix测试 中需要替换矩阵测试" name="clearZeroInMatrix测试 中需要替换矩阵测试" time="0">
    </testcase>
    <testcase classname="clearZeroInMatrix测试 中需要替换矩阵测试" name="clearZeroInMatrix测试 中需要替换矩阵测试" time="0">
    </testcase>
  </testsuite>
</testsuites>