<?xml version="1.0" encoding="UTF-8"?>
<testsuites name="jest tests" tests="21" failures="0" time="0.647">
  <testsuite name="List测试" errors="0" failures="0" skipped="0" timestamp="2020-04-29T23:56:11" time="0.499" tests="21">
    <testcase classname="List测试 00初始化Lits" name="List测试 00初始化Lits" time="0.002">
    </testcase>
    <testcase classname="List测试 01增加元素到链表" name="List测试 01增加元素到链表" time="0.001">
    </testcase>
    <testcase classname="List测试 02删除元素到链表-表头" name="List测试 02删除元素到链表-表头" time="0.001">
    </testcase>
    <testcase classname="List测试 03删除元素到链表-中间值" name="List测试 03删除元素到链表-中间值" time="0.003">
    </testcase>
    <testcase classname="List测试 04删除元素到链表-中间靠后值" name="List测试 04删除元素到链表-中间靠后值" time="0.001">
    </testcase>
    <testcase classname="List测试 05删除元素到链表-表尾巴" name="List测试 05删除元素到链表-表尾巴" time="0.001">
    </testcase>
    <testcase classname="List测试 06插入元素到链表-表头" name="List测试 06插入元素到链表-表头" time="0">
    </testcase>
    <testcase classname="List测试 07插入元素到链表-表中" name="List测试 07插入元素到链表-表中" time="0.001">
    </testcase>
    <testcase classname="List测试 08插入元素到链表-表中后" name="List测试 08插入元素到链表-表中后" time="0">
    </testcase>
    <testcase classname="List测试 09插入元素到链表-表尾" name="List测试 09插入元素到链表-表尾" time="0">
    </testcase>
    <testcase classname="List测试 10插入元素的参照元素不存在" name="List测试 10插入元素的参照元素不存在" time="0.001">
    </testcase>
    <testcase classname="List测试 11根据索引删除-前位溢出" name="List测试 11根据索引删除-前位溢出" time="0">
    </testcase>
    <testcase classname="List测试 12根据索引删除-后位溢出" name="List测试 12根据索引删除-后位溢出" time="0">
    </testcase>
    <testcase classname="List测试 13根据索引删除-删除表头" name="List测试 13根据索引删除-删除表头" time="0.001">
    </testcase>
    <testcase classname="List测试 14根据索引删除-删除表尾" name="List测试 14根据索引删除-删除表尾" time="0">
    </testcase>
    <testcase classname="List测试 15根据索引删除-删除其他位置" name="List测试 15根据索引删除-删除其他位置" time="0">
    </testcase>
    <testcase classname="List测试 16根据索引删除-删除其他位置" name="List测试 16根据索引删除-删除其他位置" time="0.001">
    </testcase>
    <testcase classname="List测试 17根据索引删除-删除其他位置" name="List测试 17根据索引删除-删除其他位置" time="0">
    </testcase>
    <testcase classname="List测试 18根据索引删除-删除其他位置" name="List测试 18根据索引删除-删除其他位置" time="0">
    </testcase>
    <testcase classname="List测试 19根据索引删除-删除其他位置" name="List测试 19根据索引删除-删除其他位置" time="0.002">
    </testcase>
    <testcase classname="List测试 20根据索引删除-删除其他位置" name="List测试 20根据索引删除-删除其他位置" time="0.001">
    </testcase>
  </testsuite>
</testsuites>